
(25, 'Inappropriate ioctl for device')

Unable to access any of "/cluster/home/julievt/.cache/pypoetry/virtualenvs/master-project-118ajfdt-py3.12/lib/python3.12/site-packages/master_project-0.1.0.dist-info"
[nltk_data] Downloading package punkt to
[nltk_data]     /cluster/home/julievt/nltk_data...
[nltk_data]   Package punkt is already up-to-date!
/cluster/home/julievt/master-project/src/textmining/ner/setup.py:30: SettingWithCopyWarning: 
A value is trying to be set on a copy of a slice from a DataFrame.
Try using .loc[row_indexer,col_indexer] = value instead

See the caveats in the documentation: https://pandas.pydata.org/pandas-docs/stable/user_guide/indexing.html#returning-a-view-versus-a-copy
  dataset['MedicalEntity'] = dataset['MedicalEntity'].fillna('O')
Traceback (most recent call last):
  File "/cluster/home/julievt/master-project/./scripts/train/ner.py", line 33, in <module>
    ner = NERecognition(
          ^^^^^^^^^^^^^^
  File "/cluster/home/julievt/master-project/src/textmining/ner/setup.py", line 54, in __init__
    "early_stopping_delta": self.__config.getint("train.parameters", "early_stopping_delta"),
                            ^^^^^^^^^^^^^^^^^^^^^^^^^^^^^^^^^^^^^^^^^^^^^^^^^^^^^^^^^^^^^^^^
  File "/cluster/apps/eb/software/Python/3.12.3-GCCcore-13.3.0/lib/python3.12/configparser.py", line 796, in getint
    return self._get_conv(section, option, int, raw=raw, vars=vars,
           ^^^^^^^^^^^^^^^^^^^^^^^^^^^^^^^^^^^^^^^^^^^^^^^^^^^^^^^^
  File "/cluster/apps/eb/software/Python/3.12.3-GCCcore-13.3.0/lib/python3.12/configparser.py", line 786, in _get_conv
    return self._get(section, conv, option, raw=raw, vars=vars,
           ^^^^^^^^^^^^^^^^^^^^^^^^^^^^^^^^^^^^^^^^^^^^^^^^^^^^
  File "/cluster/apps/eb/software/Python/3.12.3-GCCcore-13.3.0/lib/python3.12/configparser.py", line 781, in _get
    return conv(self.get(section, option, **kwargs))
           ^^^^^^^^^^^^^^^^^^^^^^^^^^^^^^^^^^^^^^^^^
ValueError: invalid literal for int() with base 10: '0.01'
