[nltk_data] Downloading package punkt to
[nltk_data]     /cluster/home/julievt/nltk_data...
[nltk_data]   Package punkt is already up-to-date!
[nltk_data] Downloading package punkt to
[nltk_data]     /cluster/home/julievt/nltk_data...
[nltk_data]   Package punkt is already up-to-date!
[HeidelTime] HeidelTime has not found any sentence tokens in this document. HeidelTime needs sentence tokens tagged by a preprocessing UIMA analysis engine to do its work. Please check your UIMA workflow and add an analysis engine that creates these sentence tokens.
[HeidelTime] HeidelTime has not found any sentence tokens in this document. HeidelTime needs sentence tokens tagged by a preprocessing UIMA analysis engine to do its work. Please check your UIMA workflow and add an analysis engine that creates these sentence tokens.
[HeidelTime] HeidelTime has not found any sentence tokens in this document. HeidelTime needs sentence tokens tagged by a preprocessing UIMA analysis engine to do its work. Please check your UIMA workflow and add an analysis engine that creates these sentence tokens.
[HeidelTime] HeidelTime has not found any sentence tokens in this document. HeidelTime needs sentence tokens tagged by a preprocessing UIMA analysis engine to do its work. Please check your UIMA workflow and add an analysis engine that creates these sentence tokens.
[HeidelTime] HeidelTime has not found any sentence tokens in this document. HeidelTime needs sentence tokens tagged by a preprocessing UIMA analysis engine to do its work. Please check your UIMA workflow and add an analysis engine that creates these sentence tokens.
[HeidelTime] HeidelTime has not found any sentence tokens in this document. HeidelTime needs sentence tokens tagged by a preprocessing UIMA analysis engine to do its work. Please check your UIMA workflow and add an analysis engine that creates these sentence tokens.
[HeidelTime] HeidelTime has not found any sentence tokens in this document. HeidelTime needs sentence tokens tagged by a preprocessing UIMA analysis engine to do its work. Please check your UIMA workflow and add an analysis engine that creates these sentence tokens.
[HeidelTime] HeidelTime has not found any sentence tokens in this document. HeidelTime needs sentence tokens tagged by a preprocessing UIMA analysis engine to do its work. Please check your UIMA workflow and add an analysis engine that creates these sentence tokens.
[HeidelTime] HeidelTime has not found any sentence tokens in this document. HeidelTime needs sentence tokens tagged by a preprocessing UIMA analysis engine to do its work. Please check your UIMA workflow and add an analysis engine that creates these sentence tokens.
[HeidelTime] HeidelTime has not found any sentence tokens in this document. HeidelTime needs sentence tokens tagged by a preprocessing UIMA analysis engine to do its work. Please check your UIMA workflow and add an analysis engine that creates these sentence tokens.
[HeidelTime] HeidelTime has not found any sentence tokens in this document. HeidelTime needs sentence tokens tagged by a preprocessing UIMA analysis engine to do its work. Please check your UIMA workflow and add an analysis engine that creates these sentence tokens.
[HeidelTime] HeidelTime has not found any sentence tokens in this document. HeidelTime needs sentence tokens tagged by a preprocessing UIMA analysis engine to do its work. Please check your UIMA workflow and add an analysis engine that creates these sentence tokens.
[HeidelTime] HeidelTime has not found any sentence tokens in this document. HeidelTime needs sentence tokens tagged by a preprocessing UIMA analysis engine to do its work. Please check your UIMA workflow and add an analysis engine that creates these sentence tokens.
[HeidelTime] HeidelTime has not found any sentence tokens in this document. HeidelTime needs sentence tokens tagged by a preprocessing UIMA analysis engine to do its work. Please check your UIMA workflow and add an analysis engine that creates these sentence tokens.
[HeidelTime] HeidelTime has not found any sentence tokens in this document. HeidelTime needs sentence tokens tagged by a preprocessing UIMA analysis engine to do its work. Please check your UIMA workflow and add an analysis engine that creates these sentence tokens.
[HeidelTime] HeidelTime has not found any sentence tokens in this document. HeidelTime needs sentence tokens tagged by a preprocessing UIMA analysis engine to do its work. Please check your UIMA workflow and add an analysis engine that creates these sentence tokens.
[HeidelTime] HeidelTime has not found any sentence tokens in this document. HeidelTime needs sentence tokens tagged by a preprocessing UIMA analysis engine to do its work. Please check your UIMA workflow and add an analysis engine that creates these sentence tokens.
[HeidelTime] HeidelTime has not found any sentence tokens in this document. HeidelTime needs sentence tokens tagged by a preprocessing UIMA analysis engine to do its work. Please check your UIMA workflow and add an analysis engine that creates these sentence tokens.
[HeidelTime] HeidelTime has not found any sentence tokens in this document. HeidelTime needs sentence tokens tagged by a preprocessing UIMA analysis engine to do its work. Please check your UIMA workflow and add an analysis engine that creates these sentence tokens.
[HeidelTime] HeidelTime has not found any sentence tokens in this document. HeidelTime needs sentence tokens tagged by a preprocessing UIMA analysis engine to do its work. Please check your UIMA workflow and add an analysis engine that creates these sentence tokens.
[HeidelTime] HeidelTime has not found any sentence tokens in this document. HeidelTime needs sentence tokens tagged by a preprocessing UIMA analysis engine to do its work. Please check your UIMA workflow and add an analysis engine that creates these sentence tokens.
[HeidelTime] HeidelTime has not found any sentence tokens in this document. HeidelTime needs sentence tokens tagged by a preprocessing UIMA analysis engine to do its work. Please check your UIMA workflow and add an analysis engine that creates these sentence tokens.
[HeidelTime] HeidelTime has not found any sentence tokens in this document. HeidelTime needs sentence tokens tagged by a preprocessing UIMA analysis engine to do its work. Please check your UIMA workflow and add an analysis engine that creates these sentence tokens.
[HeidelTime] HeidelTime has not found any sentence tokens in this document. HeidelTime needs sentence tokens tagged by a preprocessing UIMA analysis engine to do its work. Please check your UIMA workflow and add an analysis engine that creates these sentence tokens.
[HeidelTime] HeidelTime has not found any sentence tokens in this document. HeidelTime needs sentence tokens tagged by a preprocessing UIMA analysis engine to do its work. Please check your UIMA workflow and add an analysis engine that creates these sentence tokens.
[HeidelTime] HeidelTime has not found any sentence tokens in this document. HeidelTime needs sentence tokens tagged by a preprocessing UIMA analysis engine to do its work. Please check your UIMA workflow and add an analysis engine that creates these sentence tokens.
[HeidelTime] HeidelTime has not found any sentence tokens in this document. HeidelTime needs sentence tokens tagged by a preprocessing UIMA analysis engine to do its work. Please check your UIMA workflow and add an analysis engine that creates these sentence tokens.
[HeidelTime] HeidelTime has not found any sentence tokens in this document. HeidelTime needs sentence tokens tagged by a preprocessing UIMA analysis engine to do its work. Please check your UIMA workflow and add an analysis engine that creates these sentence tokens.
[HeidelTime] HeidelTime has not found any sentence tokens in this document. HeidelTime needs sentence tokens tagged by a preprocessing UIMA analysis engine to do its work. Please check your UIMA workflow and add an analysis engine that creates these sentence tokens.
[HeidelTime] HeidelTime has not found any sentence tokens in this document. HeidelTime needs sentence tokens tagged by a preprocessing UIMA analysis engine to do its work. Please check your UIMA workflow and add an analysis engine that creates these sentence tokens.
[HeidelTime] HeidelTime has not found any sentence tokens in this document. HeidelTime needs sentence tokens tagged by a preprocessing UIMA analysis engine to do its work. Please check your UIMA workflow and add an analysis engine that creates these sentence tokens.
[HeidelTime] HeidelTime has not found any sentence tokens in this document. HeidelTime needs sentence tokens tagged by a preprocessing UIMA analysis engine to do its work. Please check your UIMA workflow and add an analysis engine that creates these sentence tokens.
[HeidelTime] HeidelTime has not found any sentence tokens in this document. HeidelTime needs sentence tokens tagged by a preprocessing UIMA analysis engine to do its work. Please check your UIMA workflow and add an analysis engine that creates these sentence tokens.
[HeidelTime] HeidelTime has not found any sentence tokens in this document. HeidelTime needs sentence tokens tagged by a preprocessing UIMA analysis engine to do its work. Please check your UIMA workflow and add an analysis engine that creates these sentence tokens.
[HeidelTime] HeidelTime has not found any sentence tokens in this document. HeidelTime needs sentence tokens tagged by a preprocessing UIMA analysis engine to do its work. Please check your UIMA workflow and add an analysis engine that creates these sentence tokens.
[HeidelTime] HeidelTime has not found any sentence tokens in this document. HeidelTime needs sentence tokens tagged by a preprocessing UIMA analysis engine to do its work. Please check your UIMA workflow and add an analysis engine that creates these sentence tokens.
[HeidelTime] HeidelTime has not found any sentence tokens in this document. HeidelTime needs sentence tokens tagged by a preprocessing UIMA analysis engine to do its work. Please check your UIMA workflow and add an analysis engine that creates these sentence tokens.
[HeidelTime] HeidelTime has not found any sentence tokens in this document. HeidelTime needs sentence tokens tagged by a preprocessing UIMA analysis engine to do its work. Please check your UIMA workflow and add an analysis engine that creates these sentence tokens.
[HeidelTime] HeidelTime has not found any sentence tokens in this document. HeidelTime needs sentence tokens tagged by a preprocessing UIMA analysis engine to do its work. Please check your UIMA workflow and add an analysis engine that creates these sentence tokens.
[HeidelTime] HeidelTime has not found any sentence tokens in this document. HeidelTime needs sentence tokens tagged by a preprocessing UIMA analysis engine to do its work. Please check your UIMA workflow and add an analysis engine that creates these sentence tokens.
[HeidelTime] HeidelTime has not found any sentence tokens in this document. HeidelTime needs sentence tokens tagged by a preprocessing UIMA analysis engine to do its work. Please check your UIMA workflow and add an analysis engine that creates these sentence tokens.
[HeidelTime] HeidelTime has not found any sentence tokens in this document. HeidelTime needs sentence tokens tagged by a preprocessing UIMA analysis engine to do its work. Please check your UIMA workflow and add an analysis engine that creates these sentence tokens.
[HeidelTime] HeidelTime has not found any sentence tokens in this document. HeidelTime needs sentence tokens tagged by a preprocessing UIMA analysis engine to do its work. Please check your UIMA workflow and add an analysis engine that creates these sentence tokens.
[HeidelTime] HeidelTime has not found any sentence tokens in this document. HeidelTime needs sentence tokens tagged by a preprocessing UIMA analysis engine to do its work. Please check your UIMA workflow and add an analysis engine that creates these sentence tokens.
[HeidelTime] HeidelTime has not found any sentence tokens in this document. HeidelTime needs sentence tokens tagged by a preprocessing UIMA analysis engine to do its work. Please check your UIMA workflow and add an analysis engine that creates these sentence tokens.
[HeidelTime] HeidelTime has not found any sentence tokens in this document. HeidelTime needs sentence tokens tagged by a preprocessing UIMA analysis engine to do its work. Please check your UIMA workflow and add an analysis engine that creates these sentence tokens.
[HeidelTime] HeidelTime has not found any sentence tokens in this document. HeidelTime needs sentence tokens tagged by a preprocessing UIMA analysis engine to do its work. Please check your UIMA workflow and add an analysis engine that creates these sentence tokens.
[HeidelTime] HeidelTime has not found any sentence tokens in this document. HeidelTime needs sentence tokens tagged by a preprocessing UIMA analysis engine to do its work. Please check your UIMA workflow and add an analysis engine that creates these sentence tokens.
[HeidelTime] HeidelTime has not found any sentence tokens in this document. HeidelTime needs sentence tokens tagged by a preprocessing UIMA analysis engine to do its work. Please check your UIMA workflow and add an analysis engine that creates these sentence tokens.
[HeidelTime] HeidelTime has not found any sentence tokens in this document. HeidelTime needs sentence tokens tagged by a preprocessing UIMA analysis engine to do its work. Please check your UIMA workflow and add an analysis engine that creates these sentence tokens.
[HeidelTime] HeidelTime has not found any sentence tokens in this document. HeidelTime needs sentence tokens tagged by a preprocessing UIMA analysis engine to do its work. Please check your UIMA workflow and add an analysis engine that creates these sentence tokens.
[HeidelTime] HeidelTime has not found any sentence tokens in this document. HeidelTime needs sentence tokens tagged by a preprocessing UIMA analysis engine to do its work. Please check your UIMA workflow and add an analysis engine that creates these sentence tokens.
[HeidelTime] HeidelTime has not found any sentence tokens in this document. HeidelTime needs sentence tokens tagged by a preprocessing UIMA analysis engine to do its work. Please check your UIMA workflow and add an analysis engine that creates these sentence tokens.
[HeidelTime] HeidelTime has not found any sentence tokens in this document. HeidelTime needs sentence tokens tagged by a preprocessing UIMA analysis engine to do its work. Please check your UIMA workflow and add an analysis engine that creates these sentence tokens.
[HeidelTime] HeidelTime has not found any sentence tokens in this document. HeidelTime needs sentence tokens tagged by a preprocessing UIMA analysis engine to do its work. Please check your UIMA workflow and add an analysis engine that creates these sentence tokens.
[HeidelTime] HeidelTime has not found any sentence tokens in this document. HeidelTime needs sentence tokens tagged by a preprocessing UIMA analysis engine to do its work. Please check your UIMA workflow and add an analysis engine that creates these sentence tokens.
[HeidelTime] HeidelTime has not found any sentence tokens in this document. HeidelTime needs sentence tokens tagged by a preprocessing UIMA analysis engine to do its work. Please check your UIMA workflow and add an analysis engine that creates these sentence tokens.
[HeidelTime] HeidelTime has not found any sentence tokens in this document. HeidelTime needs sentence tokens tagged by a preprocessing UIMA analysis engine to do its work. Please check your UIMA workflow and add an analysis engine that creates these sentence tokens.
[HeidelTime] HeidelTime has not found any sentence tokens in this document. HeidelTime needs sentence tokens tagged by a preprocessing UIMA analysis engine to do its work. Please check your UIMA workflow and add an analysis engine that creates these sentence tokens.
[HeidelTime] HeidelTime has not found any sentence tokens in this document. HeidelTime needs sentence tokens tagged by a preprocessing UIMA analysis engine to do its work. Please check your UIMA workflow and add an analysis engine that creates these sentence tokens.
[HeidelTime] HeidelTime has not found any sentence tokens in this document. HeidelTime needs sentence tokens tagged by a preprocessing UIMA analysis engine to do its work. Please check your UIMA workflow and add an analysis engine that creates these sentence tokens.
[HeidelTime] HeidelTime has not found any sentence tokens in this document. HeidelTime needs sentence tokens tagged by a preprocessing UIMA analysis engine to do its work. Please check your UIMA workflow and add an analysis engine that creates these sentence tokens.
[HeidelTime] HeidelTime has not found any sentence tokens in this document. HeidelTime needs sentence tokens tagged by a preprocessing UIMA analysis engine to do its work. Please check your UIMA workflow and add an analysis engine that creates these sentence tokens.
[HeidelTime] HeidelTime has not found any sentence tokens in this document. HeidelTime needs sentence tokens tagged by a preprocessing UIMA analysis engine to do its work. Please check your UIMA workflow and add an analysis engine that creates these sentence tokens.
[HeidelTime] HeidelTime has not found any sentence tokens in this document. HeidelTime needs sentence tokens tagged by a preprocessing UIMA analysis engine to do its work. Please check your UIMA workflow and add an analysis engine that creates these sentence tokens.
[HeidelTime] HeidelTime has not found any sentence tokens in this document. HeidelTime needs sentence tokens tagged by a preprocessing UIMA analysis engine to do its work. Please check your UIMA workflow and add an analysis engine that creates these sentence tokens.
[HeidelTime] HeidelTime has not found any sentence tokens in this document. HeidelTime needs sentence tokens tagged by a preprocessing UIMA analysis engine to do its work. Please check your UIMA workflow and add an analysis engine that creates these sentence tokens.
[HeidelTime] HeidelTime has not found any sentence tokens in this document. HeidelTime needs sentence tokens tagged by a preprocessing UIMA analysis engine to do its work. Please check your UIMA workflow and add an analysis engine that creates these sentence tokens.
[HeidelTime] HeidelTime has not found any sentence tokens in this document. HeidelTime needs sentence tokens tagged by a preprocessing UIMA analysis engine to do its work. Please check your UIMA workflow and add an analysis engine that creates these sentence tokens.
[HeidelTime] HeidelTime has not found any sentence tokens in this document. HeidelTime needs sentence tokens tagged by a preprocessing UIMA analysis engine to do its work. Please check your UIMA workflow and add an analysis engine that creates these sentence tokens.
[HeidelTime] HeidelTime has not found any sentence tokens in this document. HeidelTime needs sentence tokens tagged by a preprocessing UIMA analysis engine to do its work. Please check your UIMA workflow and add an analysis engine that creates these sentence tokens.
[HeidelTime] HeidelTime has not found any sentence tokens in this document. HeidelTime needs sentence tokens tagged by a preprocessing UIMA analysis engine to do its work. Please check your UIMA workflow and add an analysis engine that creates these sentence tokens.
[HeidelTime] HeidelTime has not found any sentence tokens in this document. HeidelTime needs sentence tokens tagged by a preprocessing UIMA analysis engine to do its work. Please check your UIMA workflow and add an analysis engine that creates these sentence tokens.
[HeidelTime] HeidelTime has not found any sentence tokens in this document. HeidelTime needs sentence tokens tagged by a preprocessing UIMA analysis engine to do its work. Please check your UIMA workflow and add an analysis engine that creates these sentence tokens.
[HeidelTime] HeidelTime has not found any sentence tokens in this document. HeidelTime needs sentence tokens tagged by a preprocessing UIMA analysis engine to do its work. Please check your UIMA workflow and add an analysis engine that creates these sentence tokens.
[HeidelTime] HeidelTime has not found any sentence tokens in this document. HeidelTime needs sentence tokens tagged by a preprocessing UIMA analysis engine to do its work. Please check your UIMA workflow and add an analysis engine that creates these sentence tokens.
[HeidelTime] HeidelTime has not found any sentence tokens in this document. HeidelTime needs sentence tokens tagged by a preprocessing UIMA analysis engine to do its work. Please check your UIMA workflow and add an analysis engine that creates these sentence tokens.
[HeidelTime] HeidelTime has not found any sentence tokens in this document. HeidelTime needs sentence tokens tagged by a preprocessing UIMA analysis engine to do its work. Please check your UIMA workflow and add an analysis engine that creates these sentence tokens.
[HeidelTime] HeidelTime has not found any sentence tokens in this document. HeidelTime needs sentence tokens tagged by a preprocessing UIMA analysis engine to do its work. Please check your UIMA workflow and add an analysis engine that creates these sentence tokens.
[HeidelTime] HeidelTime has not found any sentence tokens in this document. HeidelTime needs sentence tokens tagged by a preprocessing UIMA analysis engine to do its work. Please check your UIMA workflow and add an analysis engine that creates these sentence tokens.
[HeidelTime] HeidelTime has not found any sentence tokens in this document. HeidelTime needs sentence tokens tagged by a preprocessing UIMA analysis engine to do its work. Please check your UIMA workflow and add an analysis engine that creates these sentence tokens.
[HeidelTime] HeidelTime has not found any sentence tokens in this document. HeidelTime needs sentence tokens tagged by a preprocessing UIMA analysis engine to do its work. Please check your UIMA workflow and add an analysis engine that creates these sentence tokens.
[HeidelTime] HeidelTime has not found any sentence tokens in this document. HeidelTime needs sentence tokens tagged by a preprocessing UIMA analysis engine to do its work. Please check your UIMA workflow and add an analysis engine that creates these sentence tokens.
[HeidelTime] HeidelTime has not found any sentence tokens in this document. HeidelTime needs sentence tokens tagged by a preprocessing UIMA analysis engine to do its work. Please check your UIMA workflow and add an analysis engine that creates these sentence tokens.
[HeidelTime] HeidelTime has not found any sentence tokens in this document. HeidelTime needs sentence tokens tagged by a preprocessing UIMA analysis engine to do its work. Please check your UIMA workflow and add an analysis engine that creates these sentence tokens.
[HeidelTime] HeidelTime has not found any sentence tokens in this document. HeidelTime needs sentence tokens tagged by a preprocessing UIMA analysis engine to do its work. Please check your UIMA workflow and add an analysis engine that creates these sentence tokens.
[HeidelTime] HeidelTime has not found any sentence tokens in this document. HeidelTime needs sentence tokens tagged by a preprocessing UIMA analysis engine to do its work. Please check your UIMA workflow and add an analysis engine that creates these sentence tokens.
[HeidelTime] HeidelTime has not found any sentence tokens in this document. HeidelTime needs sentence tokens tagged by a preprocessing UIMA analysis engine to do its work. Please check your UIMA workflow and add an analysis engine that creates these sentence tokens.
[HeidelTime] HeidelTime has not found any sentence tokens in this document. HeidelTime needs sentence tokens tagged by a preprocessing UIMA analysis engine to do its work. Please check your UIMA workflow and add an analysis engine that creates these sentence tokens.
[HeidelTime] HeidelTime has not found any sentence tokens in this document. HeidelTime needs sentence tokens tagged by a preprocessing UIMA analysis engine to do its work. Please check your UIMA workflow and add an analysis engine that creates these sentence tokens.
[HeidelTime] HeidelTime has not found any sentence tokens in this document. HeidelTime needs sentence tokens tagged by a preprocessing UIMA analysis engine to do its work. Please check your UIMA workflow and add an analysis engine that creates these sentence tokens.
[HeidelTime] HeidelTime has not found any sentence tokens in this document. HeidelTime needs sentence tokens tagged by a preprocessing UIMA analysis engine to do its work. Please check your UIMA workflow and add an analysis engine that creates these sentence tokens.
[HeidelTime] HeidelTime has not found any sentence tokens in this document. HeidelTime needs sentence tokens tagged by a preprocessing UIMA analysis engine to do its work. Please check your UIMA workflow and add an analysis engine that creates these sentence tokens.
[HeidelTime] HeidelTime has not found any sentence tokens in this document. HeidelTime needs sentence tokens tagged by a preprocessing UIMA analysis engine to do its work. Please check your UIMA workflow and add an analysis engine that creates these sentence tokens.
[HeidelTime] HeidelTime has not found any sentence tokens in this document. HeidelTime needs sentence tokens tagged by a preprocessing UIMA analysis engine to do its work. Please check your UIMA workflow and add an analysis engine that creates these sentence tokens.
[HeidelTime] HeidelTime has not found any sentence tokens in this document. HeidelTime needs sentence tokens tagged by a preprocessing UIMA analysis engine to do its work. Please check your UIMA workflow and add an analysis engine that creates these sentence tokens.
[HeidelTime] HeidelTime has not found any sentence tokens in this document. HeidelTime needs sentence tokens tagged by a preprocessing UIMA analysis engine to do its work. Please check your UIMA workflow and add an analysis engine that creates these sentence tokens.
[HeidelTime] HeidelTime has not found any sentence tokens in this document. HeidelTime needs sentence tokens tagged by a preprocessing UIMA analysis engine to do its work. Please check your UIMA workflow and add an analysis engine that creates these sentence tokens.
[HeidelTime] HeidelTime has not found any sentence tokens in this document. HeidelTime needs sentence tokens tagged by a preprocessing UIMA analysis engine to do its work. Please check your UIMA workflow and add an analysis engine that creates these sentence tokens.
[HeidelTime] HeidelTime has not found any sentence tokens in this document. HeidelTime needs sentence tokens tagged by a preprocessing UIMA analysis engine to do its work. Please check your UIMA workflow and add an analysis engine that creates these sentence tokens.
[HeidelTime] HeidelTime has not found any sentence tokens in this document. HeidelTime needs sentence tokens tagged by a preprocessing UIMA analysis engine to do its work. Please check your UIMA workflow and add an analysis engine that creates these sentence tokens.
[HeidelTime] HeidelTime has not found any sentence tokens in this document. HeidelTime needs sentence tokens tagged by a preprocessing UIMA analysis engine to do its work. Please check your UIMA workflow and add an analysis engine that creates these sentence tokens.
[HeidelTime] HeidelTime has not found any sentence tokens in this document. HeidelTime needs sentence tokens tagged by a preprocessing UIMA analysis engine to do its work. Please check your UIMA workflow and add an analysis engine that creates these sentence tokens.
[HeidelTime] HeidelTime has not found any sentence tokens in this document. HeidelTime needs sentence tokens tagged by a preprocessing UIMA analysis engine to do its work. Please check your UIMA workflow and add an analysis engine that creates these sentence tokens.
[HeidelTime] HeidelTime has not found any sentence tokens in this document. HeidelTime needs sentence tokens tagged by a preprocessing UIMA analysis engine to do its work. Please check your UIMA workflow and add an analysis engine that creates these sentence tokens.
[HeidelTime] HeidelTime has not found any sentence tokens in this document. HeidelTime needs sentence tokens tagged by a preprocessing UIMA analysis engine to do its work. Please check your UIMA workflow and add an analysis engine that creates these sentence tokens.
[HeidelTime] HeidelTime has not found any sentence tokens in this document. HeidelTime needs sentence tokens tagged by a preprocessing UIMA analysis engine to do its work. Please check your UIMA workflow and add an analysis engine that creates these sentence tokens.
[HeidelTime] HeidelTime has not found any sentence tokens in this document. HeidelTime needs sentence tokens tagged by a preprocessing UIMA analysis engine to do its work. Please check your UIMA workflow and add an analysis engine that creates these sentence tokens.
[HeidelTime] HeidelTime has not found any sentence tokens in this document. HeidelTime needs sentence tokens tagged by a preprocessing UIMA analysis engine to do its work. Please check your UIMA workflow and add an analysis engine that creates these sentence tokens.
[HeidelTime] HeidelTime has not found any sentence tokens in this document. HeidelTime needs sentence tokens tagged by a preprocessing UIMA analysis engine to do its work. Please check your UIMA workflow and add an analysis engine that creates these sentence tokens.
[HeidelTime] HeidelTime has not found any sentence tokens in this document. HeidelTime needs sentence tokens tagged by a preprocessing UIMA analysis engine to do its work. Please check your UIMA workflow and add an analysis engine that creates these sentence tokens.
[HeidelTime] HeidelTime has not found any sentence tokens in this document. HeidelTime needs sentence tokens tagged by a preprocessing UIMA analysis engine to do its work. Please check your UIMA workflow and add an analysis engine that creates these sentence tokens.
[HeidelTime] HeidelTime has not found any sentence tokens in this document. HeidelTime needs sentence tokens tagged by a preprocessing UIMA analysis engine to do its work. Please check your UIMA workflow and add an analysis engine that creates these sentence tokens.
[HeidelTime] HeidelTime has not found any sentence tokens in this document. HeidelTime needs sentence tokens tagged by a preprocessing UIMA analysis engine to do its work. Please check your UIMA workflow and add an analysis engine that creates these sentence tokens.
[HeidelTime] HeidelTime has not found any sentence tokens in this document. HeidelTime needs sentence tokens tagged by a preprocessing UIMA analysis engine to do its work. Please check your UIMA workflow and add an analysis engine that creates these sentence tokens.
[HeidelTime] HeidelTime has not found any sentence tokens in this document. HeidelTime needs sentence tokens tagged by a preprocessing UIMA analysis engine to do its work. Please check your UIMA workflow and add an analysis engine that creates these sentence tokens.
[HeidelTime] HeidelTime has not found any sentence tokens in this document. HeidelTime needs sentence tokens tagged by a preprocessing UIMA analysis engine to do its work. Please check your UIMA workflow and add an analysis engine that creates these sentence tokens.
[HeidelTime] HeidelTime has not found any sentence tokens in this document. HeidelTime needs sentence tokens tagged by a preprocessing UIMA analysis engine to do its work. Please check your UIMA workflow and add an analysis engine that creates these sentence tokens.
[HeidelTime] HeidelTime has not found any sentence tokens in this document. HeidelTime needs sentence tokens tagged by a preprocessing UIMA analysis engine to do its work. Please check your UIMA workflow and add an analysis engine that creates these sentence tokens.
[HeidelTime] HeidelTime has not found any sentence tokens in this document. HeidelTime needs sentence tokens tagged by a preprocessing UIMA analysis engine to do its work. Please check your UIMA workflow and add an analysis engine that creates these sentence tokens.
[HeidelTime] HeidelTime has not found any sentence tokens in this document. HeidelTime needs sentence tokens tagged by a preprocessing UIMA analysis engine to do its work. Please check your UIMA workflow and add an analysis engine that creates these sentence tokens.
[HeidelTime] HeidelTime has not found any sentence tokens in this document. HeidelTime needs sentence tokens tagged by a preprocessing UIMA analysis engine to do its work. Please check your UIMA workflow and add an analysis engine that creates these sentence tokens.
[HeidelTime] HeidelTime has not found any sentence tokens in this document. HeidelTime needs sentence tokens tagged by a preprocessing UIMA analysis engine to do its work. Please check your UIMA workflow and add an analysis engine that creates these sentence tokens.
[HeidelTime] HeidelTime has not found any sentence tokens in this document. HeidelTime needs sentence tokens tagged by a preprocessing UIMA analysis engine to do its work. Please check your UIMA workflow and add an analysis engine that creates these sentence tokens.
[HeidelTime] HeidelTime has not found any sentence tokens in this document. HeidelTime needs sentence tokens tagged by a preprocessing UIMA analysis engine to do its work. Please check your UIMA workflow and add an analysis engine that creates these sentence tokens.
[HeidelTime] HeidelTime has not found any sentence tokens in this document. HeidelTime needs sentence tokens tagged by a preprocessing UIMA analysis engine to do its work. Please check your UIMA workflow and add an analysis engine that creates these sentence tokens.
[HeidelTime] HeidelTime has not found any sentence tokens in this document. HeidelTime needs sentence tokens tagged by a preprocessing UIMA analysis engine to do its work. Please check your UIMA workflow and add an analysis engine that creates these sentence tokens.
[HeidelTime] HeidelTime has not found any sentence tokens in this document. HeidelTime needs sentence tokens tagged by a preprocessing UIMA analysis engine to do its work. Please check your UIMA workflow and add an analysis engine that creates these sentence tokens.
[HeidelTime] HeidelTime has not found any sentence tokens in this document. HeidelTime needs sentence tokens tagged by a preprocessing UIMA analysis engine to do its work. Please check your UIMA workflow and add an analysis engine that creates these sentence tokens.
[HeidelTime] HeidelTime has not found any sentence tokens in this document. HeidelTime needs sentence tokens tagged by a preprocessing UIMA analysis engine to do its work. Please check your UIMA workflow and add an analysis engine that creates these sentence tokens.
[HeidelTime] HeidelTime has not found any sentence tokens in this document. HeidelTime needs sentence tokens tagged by a preprocessing UIMA analysis engine to do its work. Please check your UIMA workflow and add an analysis engine that creates these sentence tokens.
[HeidelTime] HeidelTime has not found any sentence tokens in this document. HeidelTime needs sentence tokens tagged by a preprocessing UIMA analysis engine to do its work. Please check your UIMA workflow and add an analysis engine that creates these sentence tokens.
[HeidelTime] HeidelTime has not found any sentence tokens in this document. HeidelTime needs sentence tokens tagged by a preprocessing UIMA analysis engine to do its work. Please check your UIMA workflow and add an analysis engine that creates these sentence tokens.
[HeidelTime] HeidelTime has not found any sentence tokens in this document. HeidelTime needs sentence tokens tagged by a preprocessing UIMA analysis engine to do its work. Please check your UIMA workflow and add an analysis engine that creates these sentence tokens.
[HeidelTime] HeidelTime has not found any sentence tokens in this document. HeidelTime needs sentence tokens tagged by a preprocessing UIMA analysis engine to do its work. Please check your UIMA workflow and add an analysis engine that creates these sentence tokens.
[HeidelTime] HeidelTime has not found any sentence tokens in this document. HeidelTime needs sentence tokens tagged by a preprocessing UIMA analysis engine to do its work. Please check your UIMA workflow and add an analysis engine that creates these sentence tokens.
[HeidelTime] HeidelTime has not found any sentence tokens in this document. HeidelTime needs sentence tokens tagged by a preprocessing UIMA analysis engine to do its work. Please check your UIMA workflow and add an analysis engine that creates these sentence tokens.
[HeidelTime] HeidelTime has not found any sentence tokens in this document. HeidelTime needs sentence tokens tagged by a preprocessing UIMA analysis engine to do its work. Please check your UIMA workflow and add an analysis engine that creates these sentence tokens.
[HeidelTime] HeidelTime has not found any sentence tokens in this document. HeidelTime needs sentence tokens tagged by a preprocessing UIMA analysis engine to do its work. Please check your UIMA workflow and add an analysis engine that creates these sentence tokens.
[HeidelTime] HeidelTime has not found any sentence tokens in this document. HeidelTime needs sentence tokens tagged by a preprocessing UIMA analysis engine to do its work. Please check your UIMA workflow and add an analysis engine that creates these sentence tokens.
[HeidelTime] HeidelTime has not found any sentence tokens in this document. HeidelTime needs sentence tokens tagged by a preprocessing UIMA analysis engine to do its work. Please check your UIMA workflow and add an analysis engine that creates these sentence tokens.
[HeidelTime] HeidelTime has not found any sentence tokens in this document. HeidelTime needs sentence tokens tagged by a preprocessing UIMA analysis engine to do its work. Please check your UIMA workflow and add an analysis engine that creates these sentence tokens.
[HeidelTime] HeidelTime has not found any sentence tokens in this document. HeidelTime needs sentence tokens tagged by a preprocessing UIMA analysis engine to do its work. Please check your UIMA workflow and add an analysis engine that creates these sentence tokens.
[HeidelTime] HeidelTime has not found any sentence tokens in this document. HeidelTime needs sentence tokens tagged by a preprocessing UIMA analysis engine to do its work. Please check your UIMA workflow and add an analysis engine that creates these sentence tokens.
[HeidelTime] HeidelTime has not found any sentence tokens in this document. HeidelTime needs sentence tokens tagged by a preprocessing UIMA analysis engine to do its work. Please check your UIMA workflow and add an analysis engine that creates these sentence tokens.
[HeidelTime] HeidelTime has not found any sentence tokens in this document. HeidelTime needs sentence tokens tagged by a preprocessing UIMA analysis engine to do its work. Please check your UIMA workflow and add an analysis engine that creates these sentence tokens.
[HeidelTime] HeidelTime has not found any sentence tokens in this document. HeidelTime needs sentence tokens tagged by a preprocessing UIMA analysis engine to do its work. Please check your UIMA workflow and add an analysis engine that creates these sentence tokens.
[HeidelTime] HeidelTime has not found any sentence tokens in this document. HeidelTime needs sentence tokens tagged by a preprocessing UIMA analysis engine to do its work. Please check your UIMA workflow and add an analysis engine that creates these sentence tokens.
[HeidelTime] HeidelTime has not found any sentence tokens in this document. HeidelTime needs sentence tokens tagged by a preprocessing UIMA analysis engine to do its work. Please check your UIMA workflow and add an analysis engine that creates these sentence tokens.
[HeidelTime] HeidelTime has not found any sentence tokens in this document. HeidelTime needs sentence tokens tagged by a preprocessing UIMA analysis engine to do its work. Please check your UIMA workflow and add an analysis engine that creates these sentence tokens.
[HeidelTime] HeidelTime has not found any sentence tokens in this document. HeidelTime needs sentence tokens tagged by a preprocessing UIMA analysis engine to do its work. Please check your UIMA workflow and add an analysis engine that creates these sentence tokens.
[HeidelTime] HeidelTime has not found any sentence tokens in this document. HeidelTime needs sentence tokens tagged by a preprocessing UIMA analysis engine to do its work. Please check your UIMA workflow and add an analysis engine that creates these sentence tokens.
[HeidelTime] HeidelTime has not found any sentence tokens in this document. HeidelTime needs sentence tokens tagged by a preprocessing UIMA analysis engine to do its work. Please check your UIMA workflow and add an analysis engine that creates these sentence tokens.
[HeidelTime] HeidelTime has not found any sentence tokens in this document. HeidelTime needs sentence tokens tagged by a preprocessing UIMA analysis engine to do its work. Please check your UIMA workflow and add an analysis engine that creates these sentence tokens.
[HeidelTime] HeidelTime has not found any sentence tokens in this document. HeidelTime needs sentence tokens tagged by a preprocessing UIMA analysis engine to do its work. Please check your UIMA workflow and add an analysis engine that creates these sentence tokens.
[HeidelTime] HeidelTime has not found any sentence tokens in this document. HeidelTime needs sentence tokens tagged by a preprocessing UIMA analysis engine to do its work. Please check your UIMA workflow and add an analysis engine that creates these sentence tokens.
[HeidelTime] HeidelTime has not found any sentence tokens in this document. HeidelTime needs sentence tokens tagged by a preprocessing UIMA analysis engine to do its work. Please check your UIMA workflow and add an analysis engine that creates these sentence tokens.
[HeidelTime] HeidelTime has not found any sentence tokens in this document. HeidelTime needs sentence tokens tagged by a preprocessing UIMA analysis engine to do its work. Please check your UIMA workflow and add an analysis engine that creates these sentence tokens.
[HeidelTime] HeidelTime has not found any sentence tokens in this document. HeidelTime needs sentence tokens tagged by a preprocessing UIMA analysis engine to do its work. Please check your UIMA workflow and add an analysis engine that creates these sentence tokens.
[HeidelTime] HeidelTime has not found any sentence tokens in this document. HeidelTime needs sentence tokens tagged by a preprocessing UIMA analysis engine to do its work. Please check your UIMA workflow and add an analysis engine that creates these sentence tokens.
[HeidelTime] HeidelTime has not found any sentence tokens in this document. HeidelTime needs sentence tokens tagged by a preprocessing UIMA analysis engine to do its work. Please check your UIMA workflow and add an analysis engine that creates these sentence tokens.
[HeidelTime] HeidelTime has not found any sentence tokens in this document. HeidelTime needs sentence tokens tagged by a preprocessing UIMA analysis engine to do its work. Please check your UIMA workflow and add an analysis engine that creates these sentence tokens.
[HeidelTime] HeidelTime has not found any sentence tokens in this document. HeidelTime needs sentence tokens tagged by a preprocessing UIMA analysis engine to do its work. Please check your UIMA workflow and add an analysis engine that creates these sentence tokens.
[HeidelTime] HeidelTime has not found any sentence tokens in this document. HeidelTime needs sentence tokens tagged by a preprocessing UIMA analysis engine to do its work. Please check your UIMA workflow and add an analysis engine that creates these sentence tokens.
[HeidelTime] HeidelTime has not found any sentence tokens in this document. HeidelTime needs sentence tokens tagged by a preprocessing UIMA analysis engine to do its work. Please check your UIMA workflow and add an analysis engine that creates these sentence tokens.
[HeidelTime] HeidelTime has not found any sentence tokens in this document. HeidelTime needs sentence tokens tagged by a preprocessing UIMA analysis engine to do its work. Please check your UIMA workflow and add an analysis engine that creates these sentence tokens.
[HeidelTime] HeidelTime has not found any sentence tokens in this document. HeidelTime needs sentence tokens tagged by a preprocessing UIMA analysis engine to do its work. Please check your UIMA workflow and add an analysis engine that creates these sentence tokens.
[HeidelTime] HeidelTime has not found any sentence tokens in this document. HeidelTime needs sentence tokens tagged by a preprocessing UIMA analysis engine to do its work. Please check your UIMA workflow and add an analysis engine that creates these sentence tokens.
[HeidelTime] HeidelTime has not found any sentence tokens in this document. HeidelTime needs sentence tokens tagged by a preprocessing UIMA analysis engine to do its work. Please check your UIMA workflow and add an analysis engine that creates these sentence tokens.
[HeidelTime] HeidelTime has not found any sentence tokens in this document. HeidelTime needs sentence tokens tagged by a preprocessing UIMA analysis engine to do its work. Please check your UIMA workflow and add an analysis engine that creates these sentence tokens.
[HeidelTime] HeidelTime has not found any sentence tokens in this document. HeidelTime needs sentence tokens tagged by a preprocessing UIMA analysis engine to do its work. Please check your UIMA workflow and add an analysis engine that creates these sentence tokens.
[HeidelTime] HeidelTime has not found any sentence tokens in this document. HeidelTime needs sentence tokens tagged by a preprocessing UIMA analysis engine to do its work. Please check your UIMA workflow and add an analysis engine that creates these sentence tokens.
[HeidelTime] HeidelTime has not found any sentence tokens in this document. HeidelTime needs sentence tokens tagged by a preprocessing UIMA analysis engine to do its work. Please check your UIMA workflow and add an analysis engine that creates these sentence tokens.
[HeidelTime] HeidelTime has not found any sentence tokens in this document. HeidelTime needs sentence tokens tagged by a preprocessing UIMA analysis engine to do its work. Please check your UIMA workflow and add an analysis engine that creates these sentence tokens.
[HeidelTime] HeidelTime has not found any sentence tokens in this document. HeidelTime needs sentence tokens tagged by a preprocessing UIMA analysis engine to do its work. Please check your UIMA workflow and add an analysis engine that creates these sentence tokens.
[HeidelTime] HeidelTime has not found any sentence tokens in this document. HeidelTime needs sentence tokens tagged by a preprocessing UIMA analysis engine to do its work. Please check your UIMA workflow and add an analysis engine that creates these sentence tokens.
[HeidelTime] HeidelTime has not found any sentence tokens in this document. HeidelTime needs sentence tokens tagged by a preprocessing UIMA analysis engine to do its work. Please check your UIMA workflow and add an analysis engine that creates these sentence tokens.
[HeidelTime] HeidelTime has not found any sentence tokens in this document. HeidelTime needs sentence tokens tagged by a preprocessing UIMA analysis engine to do its work. Please check your UIMA workflow and add an analysis engine that creates these sentence tokens.
[HeidelTime] HeidelTime has not found any sentence tokens in this document. HeidelTime needs sentence tokens tagged by a preprocessing UIMA analysis engine to do its work. Please check your UIMA workflow and add an analysis engine that creates these sentence tokens.
[HeidelTime] HeidelTime has not found any sentence tokens in this document. HeidelTime needs sentence tokens tagged by a preprocessing UIMA analysis engine to do its work. Please check your UIMA workflow and add an analysis engine that creates these sentence tokens.
[HeidelTime] HeidelTime's execution has been interrupted by an exception that is likely rooted in faulty normalization resource files. Please consider opening an issue report containing the following information at our GitHub project issue tracker: https://github.com/HeidelTime/heideltime/issues - Thanks!
java.lang.NullPointerException: Cannot invoke "java.lang.CharSequence.toString()" because "replacement" is null
	at java.base/java.lang.String.replace(String.java:3086)
	at de.unihd.dbs.uima.annotator.heideltime.HeidelTime.applyRuleFunctions(HeidelTime.java:2398)
	at de.unihd.dbs.uima.annotator.heideltime.HeidelTime.getAttributesForTimexFromFile(HeidelTime.java:2451)
	at de.unihd.dbs.uima.annotator.heideltime.HeidelTime.findTimexes(HeidelTime.java:2269)
	at de.unihd.dbs.uima.annotator.heideltime.HeidelTime.process(HeidelTime.java:250)
	at de.unihd.dbs.heideltime.standalone.HeidelTimeStandalone.process(HeidelTimeStandalone.java:519)
	at de.unihd.dbs.heideltime.standalone.HeidelTimeStandalone.process(HeidelTimeStandalone.java:465)
	at de.unihd.dbs.heideltime.standalone.HeidelTimeStandalone.main(HeidelTimeStandalone.java:782)
[HeidelTime] Sentence [0-1941]: -— Sentralsjukehuset i Rogaland J O U RN AL 
KONFIDENSIELT Fødselsnr: 20.07.2013 47517 Tlf: 51420295 
Navn: Horpestad Erluf 
Adresse: *Stangelandsvegen 141 
Poststed: 4354 Voll 
infarkt svikt. TIA anfall i -92. Han har kjent kron. nyresvikt, påvist skrumpnyre bilateralt. 
Har dessuten kjent hypertensjon og noe urinsyregikt. Ble innlagt i april måned på Medisinsk 
avd. hvor han fikk påvist pneumoni. Under utredningen fikk han påvist cancer coli og han er 
søkt Kirurgisk avd. for operasjon. Han har ennå ikke fått svar. 
Ved klinisk undersøkelse i dag har han ankelødemer bilateralt. Cor / pulm u.a. Han har 
BT: 140 / 80. Urinprøve viser pyuri. Urinen sendes til bakt.us. Han starter opp med anti- 
biotica kur i form av Cyproxin 250 mg x 2. Dette skal tilsammen tas syv dager. Han forsetter 
ellers med følgende medikasjon: Albyl E 75 mg x 1, Cozaar 25 mg dagl. Probesid 500 mg 
x2, 
Selo-Zok 50 mg x 1, Duroferron dur. 100 mg. 
Hans nyresvikt synes å være stabil med kreat.: 149 og urinstoff på 10. 
Avtaler ny poliklinisk kontroll om 6 måneder. 
05.07.2002 INNKOMSTJOURNAL Kirurgisk avdeling Post: 6H 
300713 47517 Horpestad Erluf 00000000 
Innleggende lege: Sigurdsson Helgi Kjartan 
Innleggelses dato: 05.07.2002 
Fast lege: Carlsen Dagfinn 
Diagnose: Ondartet svulst i tykktarm, 
oppadstigende del 
Journal ved: turnuslegevikar Ragnar Herikstad 
/homj 
Familiært/sosialt: 
Bor hjemme med kona. Leilighet med alt på ett plan. 
Tidligere sykdommer: 
3 ganger infarctus cordis, urinsyregikt, kronisk nyresvikt, recidiverende lungebetennelser. 
Aktuelt: 
Kommer inn for høyresidig hemicolectomi pga. cancer coli. 
Funct. nat: 
Avføring som normalt. Vannlating er hyppig, nocturi x 1. Matlyst er nedsatt. Søvn: God. 
Medikamenter: 
Albyl E 75 mg x 1. Cozaar 25 mg x 1. Propecid 500 mg x 2. Selo-Zok 50 mg x 1. Lasix 
retard 30 mg x 1. 
Allergier: 
Allergisk mot et ukjent middel mot urinsyregikt. 
Utskriftsdato: 05.07.2002 kl.: 13:55 9
[HeidelTime] Language: auto-norwegian
[HeidelTime] Re-running this sentence with DEBUGGING enabled...
 -----------------------------------
 DEBUGGING: tonormalize:UNDEF-year-%normMonthName(group(1))
 DEBUGGING: mr.group():%normMonthName(group(1))
 DEBUGGING: mr.group(1):normMonthName
 DEBUGGING: mr.group(2):1
 DEBUGGING: m.group():april
 DEBUGGING: m.group(1):april
 DEBUGGING: hmR...:04
 -----------------------------------
 t9EXTRACTION PHASE:    found by:date_r4a-relative text:april
 t9NORMALIZATION PHASE: found by:date_r4a-relative text:april value:UNDEF-year-04
 -----------------------------------
 DEBUGGING: tonormalize:UNDEF-day-%normWeekday(group(1))
 DEBUGGING: mr.group():%normWeekday(group(1))
 DEBUGGING: mr.group(1):normWeekday
 DEBUGGING: mr.group(2):1
 DEBUGGING: m.group():på
 DEBUGGING: m.group(1):på
 DEBUGGING: hmR...:monday
 -----------------------------------
 t10EXTRACTION PHASE:    found by:date_r6a-relative text:på
 t10NORMALIZATION PHASE: found by:date_r6a-relative text:på value:UNDEF-day-monday
 -----------------------------------
 DEBUGGING: tonormalize:UNDEF-day-%normWeekday(group(1))
 DEBUGGING: mr.group():%normWeekday(group(1))
 DEBUGGING: mr.group(1):normWeekday
 DEBUGGING: mr.group(2):1
 DEBUGGING: m.group():på
 DEBUGGING: m.group(1):på
 DEBUGGING: hmR...:monday
 -----------------------------------
 t11EXTRACTION PHASE:    found by:date_r6a-relative text:på
 t11NORMALIZATION PHASE: found by:date_r6a-relative text:på value:UNDEF-day-monday
 -----------------------------------
 DEBUGGING: tonormalize:UNDEF-day-%normWeekday(group(1))
 DEBUGGING: mr.group():%normWeekday(group(1))
 DEBUGGING: mr.group(1):normWeekday
 DEBUGGING: mr.group(2):1
 DEBUGGING: m.group():på
 DEBUGGING: m.group(1):på
 DEBUGGING: hmR...:monday
 -----------------------------------
 t12EXTRACTION PHASE:    found by:date_r6a-relative text:på
 t12NORMALIZATION PHASE: found by:date_r6a-relative text:på value:UNDEF-day-monday
 -----------------------------------
 DEBUGGING: tonormalize:group(9)-%normMonthNumber(group(6))-%normDayNumber(group(3))
 DEBUGGING: mr.group():%normMonthNumber(group(6))
 DEBUGGING: mr.group(1):normMonthNumber
 DEBUGGING: mr.group(2):6
 DEBUGGING: m.group():20.07.2013
 DEBUGGING: m.group(6):07
 DEBUGGING: hmR...:07
 -----------------------------------
 -----------------------------------
 DEBUGGING: tonormalize:group(9)-07-%normDayNumber(group(3))
 DEBUGGING: mr.group():%normDayNumber(group(3))
 DEBUGGING: mr.group(1):normDayNumber
 DEBUGGING: mr.group(2):3
 DEBUGGING: m.group():20.07.2013
 DEBUGGING: m.group(3):20
 DEBUGGING: hmR...:20
 -----------------------------------
 -----------------------------------
 DEBUGGING: tonormalize:group(9)-07-20
 DEBUGGING: mr.group():group(9)
 DEBUGGING: mr.group(1):9
 DEBUGGING: m.group():20.07.2013
 DEBUGGING: m.group(9):2013
 -----------------------------------
 t13EXTRACTION PHASE:    found by:date_r9a-explicit text:20.07.2013
 t13NORMALIZATION PHASE: found by:date_r9a-explicit text:20.07.2013 value:2013-07-20
 -----------------------------------
 DEBUGGING: tonormalize:group(9)-%normMonthNumber(group(6))-%normDayNumber(group(3))
 DEBUGGING: mr.group():%normMonthNumber(group(6))
 DEBUGGING: mr.group(1):normMonthNumber
 DEBUGGING: mr.group(2):6
 DEBUGGING: m.group():05.07.2002
 DEBUGGING: m.group(6):07
 DEBUGGING: hmR...:07
 -----------------------------------
 -----------------------------------
 DEBUGGING: tonormalize:group(9)-07-%normDayNumber(group(3))
 DEBUGGING: mr.group():%normDayNumber(group(3))
 DEBUGGING: mr.group(1):normDayNumber
 DEBUGGING: mr.group(2):3
 DEBUGGING: m.group():05.07.2002
 DEBUGGING: m.group(3):05
 DEBUGGING: hmR...:05
 -----------------------------------
 -----------------------------------
 DEBUGGING: tonormalize:group(9)-07-05
 DEBUGGING: mr.group():group(9)
 DEBUGGING: mr.group(1):9
 DEBUGGING: m.group():05.07.2002
 DEBUGGING: m.group(9):2002
 -----------------------------------
 t14EXTRACTION PHASE:    found by:date_r9a-explicit text:05.07.2002
 t14NORMALIZATION PHASE: found by:date_r9a-explicit text:05.07.2002 value:2002-07-05
 -----------------------------------
 DEBUGGING: tonormalize:group(9)-%normMonthNumber(group(6))-%normDayNumber(group(3))
 DEBUGGING: mr.group():%normMonthNumber(group(6))
 DEBUGGING: mr.group(1):normMonthNumber
 DEBUGGING: mr.group(2):6
 DEBUGGING: m.group():05.07.2002
 DEBUGGING: m.group(6):07
 DEBUGGING: hmR...:07
 -----------------------------------
 -----------------------------------
 DEBUGGING: tonormalize:group(9)-07-%normDayNumber(group(3))
 DEBUGGING: mr.group():%normDayNumber(group(3))
 DEBUGGING: mr.group(1):normDayNumber
 DEBUGGING: mr.group(2):3
 DEBUGGING: m.group():05.07.2002
 DEBUGGING: m.group(3):05
 DEBUGGING: hmR...:05
 -----------------------------------
 -----------------------------------
 DEBUGGING: tonormalize:group(9)-07-05
 DEBUGGING: mr.group():group(9)
 DEBUGGING: mr.group(1):9
 DEBUGGING: m.group():05.07.2002
 DEBUGGING: m.group(9):2002
 -----------------------------------
 t15EXTRACTION PHASE:    found by:date_r9a-explicit text:05.07.2002
 t15NORMALIZATION PHASE: found by:date_r9a-explicit text:05.07.2002 value:2002-07-05
 -----------------------------------
 DEBUGGING: tonormalize:group(9)-%normMonthNumber(group(6))-%normDayNumber(group(3))
 DEBUGGING: mr.group():%normMonthNumber(group(6))
 DEBUGGING: mr.group(1):normMonthNumber
 DEBUGGING: mr.group(2):6
 DEBUGGING: m.group():05.07.2002
 DEBUGGING: m.group(6):07
 DEBUGGING: hmR...:07
 -----------------------------------
 -----------------------------------
 DEBUGGING: tonormalize:group(9)-07-%normDayNumber(group(3))
 DEBUGGING: mr.group():%normDayNumber(group(3))
 DEBUGGING: mr.group(1):normDayNumber
 DEBUGGING: mr.group(2):3
 DEBUGGING: m.group():05.07.2002
 DEBUGGING: m.group(3):05
 DEBUGGING: hmR...:05
 -----------------------------------
 -----------------------------------
 DEBUGGING: tonormalize:group(9)-07-05
 DEBUGGING: mr.group():group(9)
 DEBUGGING: mr.group(1):9
 DEBUGGING: m.group():05.07.2002
 DEBUGGING: m.group(9):2002
 -----------------------------------
 t16EXTRACTION PHASE:    found by:date_r9a-explicit text:05.07.2002
 t16NORMALIZATION PHASE: found by:date_r9a-explicit text:05.07.2002 value:2002-07-05
 -----------------------------------
 DEBUGGING: tonormalize:XXXX-WXX-%normDayInWeek(group(2))
 DEBUGGING: mr.group():%normDayInWeek(group(2))
 DEBUGGING: mr.group(1):normDayInWeek
 DEBUGGING: mr.group(2):2
 DEBUGGING: m.group():alt på
 DEBUGGING: m.group(2):på
 DEBUGGING: hmR...:null
 -----------------------------------
 Maybe problem with normalization of the resource: normDayInWeek
 Maybe problem with part to replace? på
 -----------------------------------
 DEBUGGING: tonormalize:XXXX-WXX-%normDayInWeek(group(2))
 DEBUGGING: mr.group():group(2)
 DEBUGGING: mr.group(1):2
 DEBUGGING: m.group():alt på
 DEBUGGING: m.group(2):på
 -----------------------------------
[HeidelTime] Execution will now resume.
[HeidelTime] HeidelTime has not found any sentence tokens in this document. HeidelTime needs sentence tokens tagged by a preprocessing UIMA analysis engine to do its work. Please check your UIMA workflow and add an analysis engine that creates these sentence tokens.
[HeidelTime] HeidelTime has not found any sentence tokens in this document. HeidelTime needs sentence tokens tagged by a preprocessing UIMA analysis engine to do its work. Please check your UIMA workflow and add an analysis engine that creates these sentence tokens.
[HeidelTime] HeidelTime's execution has been interrupted by an exception that is likely rooted in faulty normalization resource files. Please consider opening an issue report containing the following information at our GitHub project issue tracker: https://github.com/HeidelTime/heideltime/issues - Thanks!
java.lang.NullPointerException: Cannot invoke "java.lang.CharSequence.toString()" because "replacement" is null
	at java.base/java.lang.String.replace(String.java:3086)
	at de.unihd.dbs.uima.annotator.heideltime.HeidelTime.applyRuleFunctions(HeidelTime.java:2398)
	at de.unihd.dbs.uima.annotator.heideltime.HeidelTime.getAttributesForTimexFromFile(HeidelTime.java:2451)
	at de.unihd.dbs.uima.annotator.heideltime.HeidelTime.findTimexes(HeidelTime.java:2269)
	at de.unihd.dbs.uima.annotator.heideltime.HeidelTime.process(HeidelTime.java:250)
	at de.unihd.dbs.heideltime.standalone.HeidelTimeStandalone.process(HeidelTimeStandalone.java:519)
	at de.unihd.dbs.heideltime.standalone.HeidelTimeStandalone.process(HeidelTimeStandalone.java:465)
	at de.unihd.dbs.heideltime.standalone.HeidelTimeStandalone.main(HeidelTimeStandalone.java:782)
[HeidelTime] Sentence [0-2591]: Sentralsjukehuset i Rogaland Procedure Date 19-aug-2002 13:16 Hosp. No. 20.07.2013-47517 
Anaesthetic Staff Grade(s) Technique & EquipmentUsed Last Name horpestad 
Christian Scharnweber (9807) Assistentlege First Name erluf 
DOB 
- 
20-jul-1913 
Surgical Staff 
Other Staff 
Fluids In (ml) 
| 
Fluids Out (ml) 
| 
PP å bdstadk ob de detail 
Blood 500, Blood 500 | AP ET PEEL alt Rijn TA TRE han OVE 
Other 2500, Urine 5817 mmHg AEE ee NRL EE EA ne FANA 
] Part 
Ai 
Gr alt på eg ja OG alet On RE GE 
DN 
BG BE i Or ar ed da der OK oe 
Ot 
jer OR OG ja br ta SÅ OE DO BV Bl KL 
I 
MG gr Fr ka hr REE day er er ] v 5 li Meta å Å Re å NE 4 la et å at åå AR ÅRE EA EE ka 
Så 
al Er medi 
å. 
VVS 
Spee 
77 ÅT kle 4 ARME LAL LA RE BNR BRT 7 Bk Ot bit Ni SRG JAG ION Hal MN KG VS ir ON GE ON Bit AT DA GN EET (al mag Då VOR DONG LDRG NØØE 
OI 
Å BA 
Vi 
NE VG Ni Nr OR Og (ol AEA.) 
[TT 
30005 
Il. 
TB mmhig 
! 
LTE SEA NL DE AmmH Deo AN IE DIG ER DL 
Se ka 
172 
Total 
BITT as160be je ent man ae Få melde ber Å 
' ' 
' 3 4 ' sg 
' ' ' Vekst 1 
4+-- 
55 51 
mmH DE EE er EE EEE Er 
i 
ds RE NE EE GE IA EEE 
138 +— > 1545). OND el Se Er TI HET TT 
Surgery 
030 
45 
0] 
mmHg SANT Gh ARON en AAN NEA 
1946 € eqmm > 16901 02044 rempt  agop til Kiddel LA JE EVERT Rf 
Allerges 
. 
"6 å ds tipse tannet on 
Pre-Medicatien 
- i. 
terner Ol MD ge Hi å ryll 11 ll veg 
Ofte bnbe ef  KANG BAA 
Å 
Å JARA PD AGATNN BRANN JAAARBAAKKANAARG 1 bij 
be ak DEG RE AN | REN Ge, us 
TT LITT fekk AN ee TT TT TITTET TT RO 
TT hamle! MØRE 1 RR ee ofte BØRGER RR L TG GA GREER REED 
ETCO2 beror NN TATT DREA 
tro, 10044 finfin NL RR EEE ELLAELL EEG EL 99 80 FiOD 304 å å Kand å al å ROAD OR å år ARE OE OE å het LED BR Ot dd] 8 Å VE EN OE år å Å ExpAA 100 NAG RR bl NI MN å Re Ne ar ua OE OM OG få Ne DEE OG De NN KEKE DE 1 Ol Kf at rd mad dl 09% 
FiN20 pda nb LL NE EEE le Nå, SE eee ; 
erik aa Rake ER AM teite 
sdabdbab 
ERE RJ E EE  h iitetg: overgikk LL LG LITE 
eee Feat fen intöthirbidramaja | 
| 
å RMN NE hr GT MT EG DE OG de ål 
å 
Od Ol ME Å DN DON UN fi å kg eg å Å OD 
ToothStaus:. 
- - . .- 
FEET 
ONE EN Am ane Eg Ta. 
å 
% BED DE OG gal be BÅL 6 14. 161 KØ YA [Go IG TD pt PN Br Ol FØR fr Sa BI 
VÅR 
el LÅ SØ Ol fa Ge RÅ ÅR DR DÅ 
DE 
PR ET bl ORG BG vil DEG Då hl 
100 ev Aja AL 
iljeRkRA et trakte enn hass nennkataseri || 
TLL UT Ö 56 7895 AV 
Agent Delivery 43:00 15:00 16:59 Total 
BLODTAP mj I me 
21... 440 160 å0 | 0 [sevoRLuANE 
— 7 ii | mim tlllaaaGeGeGeTTT TI 
ProcedurefsjDene 
- NE 
Signature(s) 
Recall AIMS Version 2.504.02 Printed on 19-aug-2002 16:49 € 1991-2002 Informatics Page 2
[HeidelTime] Language: auto-norwegian
[HeidelTime] Re-running this sentence with DEBUGGING enabled...
 -----------------------------------
 DEBUGGING: tonormalize:UNDEF-day-%normWeekday(group(1))
 DEBUGGING: mr.group():%normWeekday(group(1))
 DEBUGGING: mr.group(1):normWeekday
 DEBUGGING: mr.group(2):1
 DEBUGGING: m.group():på
 DEBUGGING: m.group(1):på
 DEBUGGING: hmR...:monday
 -----------------------------------
 t3EXTRACTION PHASE:    found by:date_r6a-relative text:på
 t3NORMALIZATION PHASE: found by:date_r6a-relative text:på value:UNDEF-day-monday
 -----------------------------------
 DEBUGGING: tonormalize:group(9)-%normMonthNumber(group(6))-%normDayNumber(group(3))
 DEBUGGING: mr.group():%normMonthNumber(group(6))
 DEBUGGING: mr.group(1):normMonthNumber
 DEBUGGING: mr.group(2):6
 DEBUGGING: m.group():20.07.2013
 DEBUGGING: m.group(6):07
 DEBUGGING: hmR...:07
 -----------------------------------
 -----------------------------------
 DEBUGGING: tonormalize:group(9)-07-%normDayNumber(group(3))
 DEBUGGING: mr.group():%normDayNumber(group(3))
 DEBUGGING: mr.group(1):normDayNumber
 DEBUGGING: mr.group(2):3
 DEBUGGING: m.group():20.07.2013
 DEBUGGING: m.group(3):20
 DEBUGGING: hmR...:20
 -----------------------------------
 -----------------------------------
 DEBUGGING: tonormalize:group(9)-07-20
 DEBUGGING: mr.group():group(9)
 DEBUGGING: mr.group(1):9
 DEBUGGING: m.group():20.07.2013
 DEBUGGING: m.group(9):2013
 -----------------------------------
 t4EXTRACTION PHASE:    found by:date_r9a-explicit text:20.07.2013
 t4NORMALIZATION PHASE: found by:date_r9a-explicit text:20.07.2013 value:2013-07-20
 -----------------------------------
 DEBUGGING: tonormalize:XXXX-WXX-%normDayInWeek(group(2))
 DEBUGGING: mr.group():%normDayInWeek(group(2))
 DEBUGGING: mr.group(1):normDayInWeek
 DEBUGGING: mr.group(2):2
 DEBUGGING: m.group():alt på
 DEBUGGING: m.group(2):på
 DEBUGGING: hmR...:null
 -----------------------------------
 Maybe problem with normalization of the resource: normDayInWeek
 Maybe problem with part to replace? på
 -----------------------------------
 DEBUGGING: tonormalize:XXXX-WXX-%normDayInWeek(group(2))
 DEBUGGING: mr.group():group(2)
 DEBUGGING: mr.group(1):2
 DEBUGGING: m.group():alt på
 DEBUGGING: m.group(2):på
 -----------------------------------
[HeidelTime] Execution will now resume.
