
(25, 'Inappropriate ioctl for device')
[nltk_data] Downloading package punkt to
[nltk_data]     /cluster/home/julievt/nltk_data...
[nltk_data]   Package punkt is already up-to-date!
/cluster/home/julievt/master-project/src/textmining/ner/setup.py:38: SettingWithCopyWarning: 
A value is trying to be set on a copy of a slice from a DataFrame.
Try using .loc[row_indexer,col_indexer] = value instead

See the caveats in the documentation: https://pandas.pydata.org/pandas-docs/stable/user_guide/indexing.html#returning-a-view-versus-a-copy
  dataset['MedicalEntity'] = dataset['MedicalEntity'].fillna('O')
wandb: Using wandb-core as the SDK backend.  Please refer to https://wandb.me/wandb-core for more information.
wandb: Agent Starting Run: jz2qbcp2 with config:
wandb: 	batch_size: 128
wandb: 	early_stopping_delta: 0.0001
wandb: 	early_stopping_patience: 3
wandb: 	embedding_dim: 128
wandb: 	epochs: 100
wandb: 	learning_rate: 0.0001
wandb: 	max_length: 256
wandb: 	num_workers: 0
wandb: 	optimizer: sgd
wandb: 	shuffle: True
wandb: 	stride: 16
wandb: 	tune: true
wandb: 	valid_batch_size: 32
wandb: 	weight_decay: 1e-05
wandb: WARNING Ignoring project 'ner-c-Task.TOKEN-nn-model' when running a sweep.
wandb: Currently logged in as: julievt (julievt-ntnu). Use `wandb login --relogin` to force relogin
wandb: Tracking run with wandb version 0.19.1
wandb: Run data is saved locally in /cluster/home/julievt/master-project/wandb/run-20250217_143012-jz2qbcp2
wandb: Run `wandb offline` to turn off syncing.
wandb: Syncing run glowing-sweep-1
wandb: ⭐️ View project at https://wandb.ai/julievt-ntnu/ner-c-Task.TOKEN-nn-model
wandb: 🧹 View sweep at https://wandb.ai/julievt-ntnu/ner-c-Task.TOKEN-nn-model/sweeps/6bqv12cc
wandb: 🚀 View run at https://wandb.ai/julievt-ntnu/ner-c-Task.TOKEN-nn-model/runs/jz2qbcp2
